-- Configuring done (0.1s)
-- Generating done (0.0s)
-- Build files have been written to: /Users/devsog12/Projects/CSDS337-Compiler-Design-Project/build
[  2%] [BISON][Parser] Building parser with bison 3.8.2
src/files/frontend/parser.y:33.1-6: error: unexpected identifier
   33 | extern FILE *yyin;
      | ^~~~~~
src/files/frontend/parser.y:33.13: error: invalid character: ‘*’
   33 | extern FILE *yyin;
      |             ^
src/files/frontend/parser.y:305.12-306.0: error: missing ‘"’ at end of line
  305 |     printf("-fAst           Output
      |            ^~~~~~~~~~~~~~~~~~~~~~~
src/files/frontend/parser.y:307.38-308.0: error: missing ‘"’ at end of line
  307 |  format is an abstract syntax tree.\n");
      |                                      ^~~
make[2]: *** [parser.tab.cc] Error 1
make[1]: *** [CMakeFiles/LLVM-Lab.dir/all] Error 2
make: *** [all] Error 2
Running -i tests/simple3.py -fAsm -o tests/simple3.ll
INFO: Adding function main.
Found identifier z
No statements
Found newline --- 
Assignment
Value: 3
Found Statement
Found identifier k
Found newline --- 
Assignment
Value: 4
Found Statement
Found identifier p
Found newline --- 
Assignment
Value: 5
Found Statement
Found identifier a
Found identifier z
Found identifier k
Found identifier p
Found newline --- 
Assignment
Value: (+)├──(*)│├──z│└──k└──p
IntType
Found Statement
Found identifier a
Print statement
Value: a

INFO: Adding function printf.
INFO: Adding parameter str.
Found newline --- 
Found Statement
Found popping dedent from 3
INFO: Defining function main.
INFO: Compiling function printf.
INFO: Compiling function printf.
INFO: Setting parameter names for function printf.
Type of func: NSt3__112basic_stringIcNS_11char_traitsIcEENS_9allocatorIcEEEE
INFO: Compiling function main.
INFO: Compiling function main.
INFO: Setting parameter names for function main.
INFO: Allocating stack variable z.
INFO: Allocating stack variable k.
INFO: Allocating stack variable p.
INFO: Allocating stack variable a.
IntType
IntType
Calling function with 2 arguments
Checking argument 0
Type of func: NSt3__112basic_stringIcNS_11char_traitsIcEENS_9allocatorIcEEEE
TestMod
├──main
│  └──block
│     ├──(=)
│     │  ├──z
│     │  └──3
│     ├──(=)
│     │  ├──k
│     │  └──4
│     ├──(=)
│     │  ├──p
│     │  └──5
│     ├──(=)
│     │  ├──a
│     │  └──(+)
│     │     ├──(*)
│     │     │  ├──z
│     │     │  └──k
│     │     └──p
│     └──printf
│        ├──"%d\n"
│        └──a
└──printf
   └──nullptr

